2013/03/08 05:16:29 [error] [exception.CHttpException.404] exception 'CHttpException' with message 'Unable to resolve the request "admin".' in /Applications/MAMP/htdocs/apps/framework/web/CWebApplication.php:287
Stack trace:
#0 /Applications/MAMP/htdocs/apps/framework/web/CWebApplication.php(142): CWebApplication->runController('admin')
#1 /Applications/MAMP/htdocs/apps/framework/base/CApplication.php(162): CWebApplication->processRequest()
#2 /Applications/MAMP/htdocs/apps/el/index.php(13): CApplication->run()
#3 {main}
REQUEST_URI=/apps/el/index.php/admin
---
2013/03/08 05:16:38 [error] [exception.CHttpException.404] exception 'CHttpException' with message 'Unable to resolve the request "admin".' in /Applications/MAMP/htdocs/apps/framework/web/CWebApplication.php:287
Stack trace:
#0 /Applications/MAMP/htdocs/apps/framework/web/CWebApplication.php(142): CWebApplication->runController('admin')
#1 /Applications/MAMP/htdocs/apps/framework/base/CApplication.php(162): CWebApplication->processRequest()
#2 /Applications/MAMP/htdocs/apps/el/index.php(13): CApplication->run()
#3 {main}
REQUEST_URI=/apps/el/index.php/admin
---
2013/03/08 05:18:36 [error] [exception.CHttpException.404] exception 'CHttpException' with message 'Unable to resolve the request "admin".' in /Applications/MAMP/htdocs/apps/framework/web/CWebApplication.php:287
Stack trace:
#0 /Applications/MAMP/htdocs/apps/framework/web/CWebApplication.php(142): CWebApplication->runController('admin')
#1 /Applications/MAMP/htdocs/apps/framework/base/CApplication.php(162): CWebApplication->processRequest()
#2 /Applications/MAMP/htdocs/apps/el/index.php(13): CApplication->run()
#3 {main}
REQUEST_URI=/apps/el/index.php/admin
---
2013/03/08 05:19:23 [error] [exception.CHttpException.404] exception 'CHttpException' with message 'Unable to resolve the request "admin".' in /Applications/MAMP/htdocs/apps/framework/web/CWebApplication.php:287
Stack trace:
#0 /Applications/MAMP/htdocs/apps/framework/web/CWebApplication.php(142): CWebApplication->runController('admin')
#1 /Applications/MAMP/htdocs/apps/framework/base/CApplication.php(162): CWebApplication->processRequest()
#2 /Applications/MAMP/htdocs/apps/el/index.php(13): CApplication->run()
#3 {main}
REQUEST_URI=/apps/el/index.php/admin
---
2013/03/08 05:41:11 [error] [exception.CDbException] exception 'CDbException' with message 'CDbConnection failed to open the DB connection: SQLSTATE[28000] [1045] Access denied for user 'root'@'localhost' (using password: YES)' in /Applications/MAMP/htdocs/apps/framework/db/CDbConnection.php:382
Stack trace:
#0 /Applications/MAMP/htdocs/apps/framework/db/CDbConnection.php(331): CDbConnection->open()
#1 /Applications/MAMP/htdocs/apps/framework/db/CDbConnection.php(309): CDbConnection->setActive(true)
#2 /Applications/MAMP/htdocs/apps/framework/base/CModule.php(388): CDbConnection->init()
#3 /Applications/MAMP/htdocs/apps/framework/base/CModule.php(104): CModule->getComponent('db')
#4 /Applications/MAMP/htdocs/apps/framework/gii/generators/model/ModelCode.php(57): CModule->__get('db')
#5 /Applications/MAMP/htdocs/apps/framework/web/CFormModel.php(40): ModelCode->init()
#6 /Applications/MAMP/htdocs/apps/framework/gii/CCodeGenerator.php(154): CFormModel->__construct()
#7 /Applications/MAMP/htdocs/apps/framework/gii/CCodeGenerator.php(64): CCodeGenerator->prepare()
#8 /Applications/MAMP/htdocs/apps/framework/web/actions/CInlineAction.php(50): CCodeGenerator->actionIndex()
#9 /Applications/MAMP/htdocs/apps/framework/web/CController.php(309): CInlineAction->runWithParams(Array)
#10 /Applications/MAMP/htdocs/apps/framework/web/CController.php(287): CController->runAction(Object(CInlineAction))
#11 /Applications/MAMP/htdocs/apps/framework/web/CController.php(266): CController->runActionWithFilters(Object(CInlineAction), Array)
#12 /Applications/MAMP/htdocs/apps/framework/web/CWebApplication.php(283): CController->run('')
#13 /Applications/MAMP/htdocs/apps/framework/web/CWebApplication.php(142): CWebApplication->runController('gii/model')
#14 /Applications/MAMP/htdocs/apps/framework/base/CApplication.php(162): CWebApplication->processRequest()
#15 /Applications/MAMP/htdocs/apps/el/index.php(13): CApplication->run()
#16 {main}
REQUEST_URI=/apps/el/index.php/gii/model
HTTP_REFERER=http://localhost/apps/el/index.php/gii/default/index
---
2013/03/08 05:41:58 [error] [exception.CDbException] exception 'CDbException' with message 'CDbConnection failed to open the DB connection: SQLSTATE[28000] [1045] Access denied for user 'root'@'localhost' (using password: NO)' in /Applications/MAMP/htdocs/apps/framework/db/CDbConnection.php:382
Stack trace:
#0 /Applications/MAMP/htdocs/apps/framework/db/CDbConnection.php(331): CDbConnection->open()
#1 /Applications/MAMP/htdocs/apps/framework/db/CDbConnection.php(309): CDbConnection->setActive(true)
#2 /Applications/MAMP/htdocs/apps/framework/base/CModule.php(388): CDbConnection->init()
#3 /Applications/MAMP/htdocs/apps/framework/base/CModule.php(104): CModule->getComponent('db')
#4 /Applications/MAMP/htdocs/apps/framework/gii/generators/model/ModelCode.php(57): CModule->__get('db')
#5 /Applications/MAMP/htdocs/apps/framework/web/CFormModel.php(40): ModelCode->init()
#6 /Applications/MAMP/htdocs/apps/framework/gii/CCodeGenerator.php(154): CFormModel->__construct()
#7 /Applications/MAMP/htdocs/apps/framework/gii/CCodeGenerator.php(64): CCodeGenerator->prepare()
#8 /Applications/MAMP/htdocs/apps/framework/web/actions/CInlineAction.php(50): CCodeGenerator->actionIndex()
#9 /Applications/MAMP/htdocs/apps/framework/web/CController.php(309): CInlineAction->runWithParams(Array)
#10 /Applications/MAMP/htdocs/apps/framework/web/CController.php(287): CController->runAction(Object(CInlineAction))
#11 /Applications/MAMP/htdocs/apps/framework/web/CController.php(266): CController->runActionWithFilters(Object(CInlineAction), Array)
#12 /Applications/MAMP/htdocs/apps/framework/web/CWebApplication.php(283): CController->run('')
#13 /Applications/MAMP/htdocs/apps/framework/web/CWebApplication.php(142): CWebApplication->runController('gii/model')
#14 /Applications/MAMP/htdocs/apps/framework/base/CApplication.php(162): CWebApplication->processRequest()
#15 /Applications/MAMP/htdocs/apps/el/index.php(13): CApplication->run()
#16 {main}
REQUEST_URI=/apps/el/index.php/gii/model
HTTP_REFERER=http://localhost/apps/el/index.php/gii/default/index
---
2013/03/08 05:42:02 [error] [exception.CDbException] exception 'CDbException' with message 'CDbConnection failed to open the DB connection: SQLSTATE[28000] [1045] Access denied for user 'root'@'localhost' (using password: NO)' in /Applications/MAMP/htdocs/apps/framework/db/CDbConnection.php:382
Stack trace:
#0 /Applications/MAMP/htdocs/apps/framework/db/CDbConnection.php(331): CDbConnection->open()
#1 /Applications/MAMP/htdocs/apps/framework/db/CDbConnection.php(309): CDbConnection->setActive(true)
#2 /Applications/MAMP/htdocs/apps/framework/base/CModule.php(388): CDbConnection->init()
#3 /Applications/MAMP/htdocs/apps/framework/base/CModule.php(104): CModule->getComponent('db')
#4 /Applications/MAMP/htdocs/apps/framework/gii/generators/model/ModelCode.php(57): CModule->__get('db')
#5 /Applications/MAMP/htdocs/apps/framework/web/CFormModel.php(40): ModelCode->init()
#6 /Applications/MAMP/htdocs/apps/framework/gii/CCodeGenerator.php(154): CFormModel->__construct()
#7 /Applications/MAMP/htdocs/apps/framework/gii/CCodeGenerator.php(64): CCodeGenerator->prepare()
#8 /Applications/MAMP/htdocs/apps/framework/web/actions/CInlineAction.php(50): CCodeGenerator->actionIndex()
#9 /Applications/MAMP/htdocs/apps/framework/web/CController.php(309): CInlineAction->runWithParams(Array)
#10 /Applications/MAMP/htdocs/apps/framework/web/CController.php(287): CController->runAction(Object(CInlineAction))
#11 /Applications/MAMP/htdocs/apps/framework/web/CController.php(266): CController->runActionWithFilters(Object(CInlineAction), Array)
#12 /Applications/MAMP/htdocs/apps/framework/web/CWebApplication.php(283): CController->run('')
#13 /Applications/MAMP/htdocs/apps/framework/web/CWebApplication.php(142): CWebApplication->runController('gii/model')
#14 /Applications/MAMP/htdocs/apps/framework/base/CApplication.php(162): CWebApplication->processRequest()
#15 /Applications/MAMP/htdocs/apps/el/index.php(13): CApplication->run()
#16 {main}
REQUEST_URI=/apps/el/index.php/gii/model
HTTP_REFERER=http://localhost/apps/el/index.php/gii/default/index
---
2013/03/08 05:42:10 [error] [exception.CDbException] exception 'CDbException' with message 'CDbConnection failed to open the DB connection: SQLSTATE[28000] [1045] Access denied for user 'root'@'localhost' (using password: NO)' in /Applications/MAMP/htdocs/apps/framework/db/CDbConnection.php:382
Stack trace:
#0 /Applications/MAMP/htdocs/apps/framework/db/CDbConnection.php(331): CDbConnection->open()
#1 /Applications/MAMP/htdocs/apps/framework/db/CDbConnection.php(309): CDbConnection->setActive(true)
#2 /Applications/MAMP/htdocs/apps/framework/base/CModule.php(388): CDbConnection->init()
#3 /Applications/MAMP/htdocs/apps/framework/base/CModule.php(104): CModule->getComponent('db')
#4 /Applications/MAMP/htdocs/apps/framework/gii/generators/model/ModelCode.php(57): CModule->__get('db')
#5 /Applications/MAMP/htdocs/apps/framework/web/CFormModel.php(40): ModelCode->init()
#6 /Applications/MAMP/htdocs/apps/framework/gii/CCodeGenerator.php(154): CFormModel->__construct()
#7 /Applications/MAMP/htdocs/apps/framework/gii/CCodeGenerator.php(64): CCodeGenerator->prepare()
#8 /Applications/MAMP/htdocs/apps/framework/web/actions/CInlineAction.php(50): CCodeGenerator->actionIndex()
#9 /Applications/MAMP/htdocs/apps/framework/web/CController.php(309): CInlineAction->runWithParams(Array)
#10 /Applications/MAMP/htdocs/apps/framework/web/CController.php(287): CController->runAction(Object(CInlineAction))
#11 /Applications/MAMP/htdocs/apps/framework/web/CController.php(266): CController->runActionWithFilters(Object(CInlineAction), Array)
#12 /Applications/MAMP/htdocs/apps/framework/web/CWebApplication.php(283): CController->run('')
#13 /Applications/MAMP/htdocs/apps/framework/web/CWebApplication.php(142): CWebApplication->runController('gii/model')
#14 /Applications/MAMP/htdocs/apps/framework/base/CApplication.php(162): CWebApplication->processRequest()
#15 /Applications/MAMP/htdocs/apps/el/index.php(13): CApplication->run()
#16 {main}
REQUEST_URI=/apps/el/index.php/gii/model
HTTP_REFERER=http://localhost/apps/el/index.php/gii/default/index
---
2013/03/08 05:49:44 [error] [exception.CDbException] exception 'CDbException' with message 'CDbConnection failed to open the DB connection: SQLSTATE[28000] [1045] Access denied for user 'root'@'localhost' (using password: NO)' in /Applications/MAMP/htdocs/apps/framework/db/CDbConnection.php:382
Stack trace:
#0 /Applications/MAMP/htdocs/apps/framework/db/CDbConnection.php(331): CDbConnection->open()
#1 /Applications/MAMP/htdocs/apps/framework/db/CDbConnection.php(309): CDbConnection->setActive(true)
#2 /Applications/MAMP/htdocs/apps/framework/base/CModule.php(388): CDbConnection->init()
#3 /Applications/MAMP/htdocs/apps/framework/base/CModule.php(104): CModule->getComponent('db')
#4 /Applications/MAMP/htdocs/apps/framework/gii/generators/model/ModelCode.php(57): CModule->__get('db')
#5 /Applications/MAMP/htdocs/apps/framework/web/CFormModel.php(40): ModelCode->init()
#6 /Applications/MAMP/htdocs/apps/framework/gii/CCodeGenerator.php(154): CFormModel->__construct()
#7 /Applications/MAMP/htdocs/apps/framework/gii/CCodeGenerator.php(64): CCodeGenerator->prepare()
#8 /Applications/MAMP/htdocs/apps/framework/web/actions/CInlineAction.php(50): CCodeGenerator->actionIndex()
#9 /Applications/MAMP/htdocs/apps/framework/web/CController.php(309): CInlineAction->runWithParams(Array)
#10 /Applications/MAMP/htdocs/apps/framework/web/CController.php(287): CController->runAction(Object(CInlineAction))
#11 /Applications/MAMP/htdocs/apps/framework/web/CController.php(266): CController->runActionWithFilters(Object(CInlineAction), Array)
#12 /Applications/MAMP/htdocs/apps/framework/web/CWebApplication.php(283): CController->run('')
#13 /Applications/MAMP/htdocs/apps/framework/web/CWebApplication.php(142): CWebApplication->runController('gii/model')
#14 /Applications/MAMP/htdocs/apps/framework/base/CApplication.php(162): CWebApplication->processRequest()
#15 /Applications/MAMP/htdocs/apps/el/index.php(13): CApplication->run()
#16 {main}
REQUEST_URI=/apps/el/index.php/gii/model
HTTP_REFERER=http://localhost/apps/el/index.php/gii/default/index
---
2013/03/08 05:52:43 [error] [exception.CDbException] exception 'CDbException' with message 'CDbConnection failed to open the DB connection: SQLSTATE[28000] [1045] Access denied for user 'root'@'localhost' (using password: YES)' in /Applications/MAMP/htdocs/apps/framework/db/CDbConnection.php:382
Stack trace:
#0 /Applications/MAMP/htdocs/apps/framework/db/CDbConnection.php(331): CDbConnection->open()
#1 /Applications/MAMP/htdocs/apps/framework/db/CDbConnection.php(309): CDbConnection->setActive(true)
#2 /Applications/MAMP/htdocs/apps/framework/base/CModule.php(388): CDbConnection->init()
#3 /Applications/MAMP/htdocs/apps/framework/base/CModule.php(104): CModule->getComponent('db')
#4 /Applications/MAMP/htdocs/apps/framework/gii/generators/model/ModelCode.php(57): CModule->__get('db')
#5 /Applications/MAMP/htdocs/apps/framework/web/CFormModel.php(40): ModelCode->init()
#6 /Applications/MAMP/htdocs/apps/framework/gii/CCodeGenerator.php(154): CFormModel->__construct()
#7 /Applications/MAMP/htdocs/apps/framework/gii/CCodeGenerator.php(64): CCodeGenerator->prepare()
#8 /Applications/MAMP/htdocs/apps/framework/web/actions/CInlineAction.php(50): CCodeGenerator->actionIndex()
#9 /Applications/MAMP/htdocs/apps/framework/web/CController.php(309): CInlineAction->runWithParams(Array)
#10 /Applications/MAMP/htdocs/apps/framework/web/CController.php(287): CController->runAction(Object(CInlineAction))
#11 /Applications/MAMP/htdocs/apps/framework/web/CController.php(266): CController->runActionWithFilters(Object(CInlineAction), Array)
#12 /Applications/MAMP/htdocs/apps/framework/web/CWebApplication.php(283): CController->run('')
#13 /Applications/MAMP/htdocs/apps/framework/web/CWebApplication.php(142): CWebApplication->runController('gii/model')
#14 /Applications/MAMP/htdocs/apps/framework/base/CApplication.php(162): CWebApplication->processRequest()
#15 /Applications/MAMP/htdocs/apps/el/index.php(13): CApplication->run()
#16 {main}
REQUEST_URI=/apps/el/index.php/gii/model
HTTP_REFERER=http://localhost/apps/el/index.php/gii/default/index
---
2013/03/08 05:52:46 [error] [exception.CDbException] exception 'CDbException' with message 'CDbConnection failed to open the DB connection: SQLSTATE[28000] [1045] Access denied for user 'root'@'localhost' (using password: YES)' in /Applications/MAMP/htdocs/apps/framework/db/CDbConnection.php:382
Stack trace:
#0 /Applications/MAMP/htdocs/apps/framework/db/CDbConnection.php(331): CDbConnection->open()
#1 /Applications/MAMP/htdocs/apps/framework/db/CDbConnection.php(309): CDbConnection->setActive(true)
#2 /Applications/MAMP/htdocs/apps/framework/base/CModule.php(388): CDbConnection->init()
#3 /Applications/MAMP/htdocs/apps/framework/base/CModule.php(104): CModule->getComponent('db')
#4 /Applications/MAMP/htdocs/apps/framework/gii/generators/model/ModelCode.php(57): CModule->__get('db')
#5 /Applications/MAMP/htdocs/apps/framework/web/CFormModel.php(40): ModelCode->init()
#6 /Applications/MAMP/htdocs/apps/framework/gii/CCodeGenerator.php(154): CFormModel->__construct()
#7 /Applications/MAMP/htdocs/apps/framework/gii/CCodeGenerator.php(64): CCodeGenerator->prepare()
#8 /Applications/MAMP/htdocs/apps/framework/web/actions/CInlineAction.php(50): CCodeGenerator->actionIndex()
#9 /Applications/MAMP/htdocs/apps/framework/web/CController.php(309): CInlineAction->runWithParams(Array)
#10 /Applications/MAMP/htdocs/apps/framework/web/CController.php(287): CController->runAction(Object(CInlineAction))
#11 /Applications/MAMP/htdocs/apps/framework/web/CController.php(266): CController->runActionWithFilters(Object(CInlineAction), Array)
#12 /Applications/MAMP/htdocs/apps/framework/web/CWebApplication.php(283): CController->run('')
#13 /Applications/MAMP/htdocs/apps/framework/web/CWebApplication.php(142): CWebApplication->runController('gii/model')
#14 /Applications/MAMP/htdocs/apps/framework/base/CApplication.php(162): CWebApplication->processRequest()
#15 /Applications/MAMP/htdocs/apps/el/index.php(13): CApplication->run()
#16 {main}
REQUEST_URI=/apps/el/index.php/gii/model
HTTP_REFERER=http://localhost/apps/el/index.php/gii/default/index
---
2013/03/08 05:52:56 [error] [exception.CDbException] exception 'CDbException' with message 'CDbConnection failed to open the DB connection: SQLSTATE[28000] [1045] Access denied for user 'root'@'localhost' (using password: YES)' in /Applications/MAMP/htdocs/apps/framework/db/CDbConnection.php:382
Stack trace:
#0 /Applications/MAMP/htdocs/apps/framework/db/CDbConnection.php(331): CDbConnection->open()
#1 /Applications/MAMP/htdocs/apps/framework/db/CDbConnection.php(309): CDbConnection->setActive(true)
#2 /Applications/MAMP/htdocs/apps/framework/base/CModule.php(388): CDbConnection->init()
#3 /Applications/MAMP/htdocs/apps/framework/base/CModule.php(104): CModule->getComponent('db')
#4 /Applications/MAMP/htdocs/apps/framework/gii/generators/model/ModelCode.php(57): CModule->__get('db')
#5 /Applications/MAMP/htdocs/apps/framework/web/CFormModel.php(40): ModelCode->init()
#6 /Applications/MAMP/htdocs/apps/framework/gii/CCodeGenerator.php(154): CFormModel->__construct()
#7 /Applications/MAMP/htdocs/apps/framework/gii/CCodeGenerator.php(64): CCodeGenerator->prepare()
#8 /Applications/MAMP/htdocs/apps/framework/web/actions/CInlineAction.php(50): CCodeGenerator->actionIndex()
#9 /Applications/MAMP/htdocs/apps/framework/web/CController.php(309): CInlineAction->runWithParams(Array)
#10 /Applications/MAMP/htdocs/apps/framework/web/CController.php(287): CController->runAction(Object(CInlineAction))
#11 /Applications/MAMP/htdocs/apps/framework/web/CController.php(266): CController->runActionWithFilters(Object(CInlineAction), Array)
#12 /Applications/MAMP/htdocs/apps/framework/web/CWebApplication.php(283): CController->run('')
#13 /Applications/MAMP/htdocs/apps/framework/web/CWebApplication.php(142): CWebApplication->runController('gii/model')
#14 /Applications/MAMP/htdocs/apps/framework/base/CApplication.php(162): CWebApplication->processRequest()
#15 /Applications/MAMP/htdocs/apps/el/index.php(13): CApplication->run()
#16 {main}
REQUEST_URI=/apps/el/index.php/gii/model
HTTP_REFERER=http://localhost/apps/el/index.php/gii/default/index
---
2013/03/08 05:54:13 [error] [exception.CDbException] exception 'CDbException' with message 'CDbConnection failed to open the DB connection: SQLSTATE[28000] [1045] Access denied for user 'root'@'localhost' (using password: YES)' in /Applications/MAMP/htdocs/apps/framework/db/CDbConnection.php:382
Stack trace:
#0 /Applications/MAMP/htdocs/apps/framework/db/CDbConnection.php(331): CDbConnection->open()
#1 /Applications/MAMP/htdocs/apps/framework/db/CDbConnection.php(309): CDbConnection->setActive(true)
#2 /Applications/MAMP/htdocs/apps/framework/base/CModule.php(388): CDbConnection->init()
#3 /Applications/MAMP/htdocs/apps/framework/base/CModule.php(104): CModule->getComponent('db')
#4 /Applications/MAMP/htdocs/apps/framework/gii/generators/model/ModelCode.php(57): CModule->__get('db')
#5 /Applications/MAMP/htdocs/apps/framework/web/CFormModel.php(40): ModelCode->init()
#6 /Applications/MAMP/htdocs/apps/framework/gii/CCodeGenerator.php(154): CFormModel->__construct()
#7 /Applications/MAMP/htdocs/apps/framework/gii/CCodeGenerator.php(64): CCodeGenerator->prepare()
#8 /Applications/MAMP/htdocs/apps/framework/web/actions/CInlineAction.php(50): CCodeGenerator->actionIndex()
#9 /Applications/MAMP/htdocs/apps/framework/web/CController.php(309): CInlineAction->runWithParams(Array)
#10 /Applications/MAMP/htdocs/apps/framework/web/CController.php(287): CController->runAction(Object(CInlineAction))
#11 /Applications/MAMP/htdocs/apps/framework/web/CController.php(266): CController->runActionWithFilters(Object(CInlineAction), Array)
#12 /Applications/MAMP/htdocs/apps/framework/web/CWebApplication.php(283): CController->run('')
#13 /Applications/MAMP/htdocs/apps/framework/web/CWebApplication.php(142): CWebApplication->runController('gii/model')
#14 /Applications/MAMP/htdocs/apps/framework/base/CApplication.php(162): CWebApplication->processRequest()
#15 /Applications/MAMP/htdocs/apps/el/index.php(13): CApplication->run()
#16 {main}
REQUEST_URI=/apps/el/index.php/gii/model
HTTP_REFERER=http://localhost/apps/el/index.php/gii
---
2013/03/08 05:55:08 [error] [exception.CDbException] exception 'CDbException' with message 'CDbConnection failed to open the DB connection: SQLSTATE[28000] [1045] Access denied for user 'root'@'localhost' (using password: YES)' in /Applications/MAMP/htdocs/apps/framework/db/CDbConnection.php:382
Stack trace:
#0 /Applications/MAMP/htdocs/apps/framework/db/CDbConnection.php(331): CDbConnection->open()
#1 /Applications/MAMP/htdocs/apps/framework/db/CDbConnection.php(309): CDbConnection->setActive(true)
#2 /Applications/MAMP/htdocs/apps/framework/base/CModule.php(388): CDbConnection->init()
#3 /Applications/MAMP/htdocs/apps/framework/base/CModule.php(104): CModule->getComponent('db')
#4 /Applications/MAMP/htdocs/apps/framework/gii/generators/model/ModelCode.php(57): CModule->__get('db')
#5 /Applications/MAMP/htdocs/apps/framework/web/CFormModel.php(40): ModelCode->init()
#6 /Applications/MAMP/htdocs/apps/framework/gii/CCodeGenerator.php(154): CFormModel->__construct()
#7 /Applications/MAMP/htdocs/apps/framework/gii/CCodeGenerator.php(64): CCodeGenerator->prepare()
#8 /Applications/MAMP/htdocs/apps/framework/web/actions/CInlineAction.php(50): CCodeGenerator->actionIndex()
#9 /Applications/MAMP/htdocs/apps/framework/web/CController.php(309): CInlineAction->runWithParams(Array)
#10 /Applications/MAMP/htdocs/apps/framework/web/CController.php(287): CController->runAction(Object(CInlineAction))
#11 /Applications/MAMP/htdocs/apps/framework/web/CController.php(266): CController->runActionWithFilters(Object(CInlineAction), Array)
#12 /Applications/MAMP/htdocs/apps/framework/web/CWebApplication.php(283): CController->run('')
#13 /Applications/MAMP/htdocs/apps/framework/web/CWebApplication.php(142): CWebApplication->runController('gii/model')
#14 /Applications/MAMP/htdocs/apps/framework/base/CApplication.php(162): CWebApplication->processRequest()
#15 /Applications/MAMP/htdocs/apps/el/index.php(13): CApplication->run()
#16 {main}
REQUEST_URI=/apps/el/index.php/gii/model
HTTP_REFERER=http://localhost/apps/el/index.php/gii
---
2013/03/08 05:55:12 [error] [exception.CDbException] exception 'CDbException' with message 'CDbConnection failed to open the DB connection: SQLSTATE[28000] [1045] Access denied for user 'root'@'localhost' (using password: YES)' in /Applications/MAMP/htdocs/apps/framework/db/CDbConnection.php:382
Stack trace:
#0 /Applications/MAMP/htdocs/apps/framework/db/CDbConnection.php(331): CDbConnection->open()
#1 /Applications/MAMP/htdocs/apps/framework/db/CDbConnection.php(309): CDbConnection->setActive(true)
#2 /Applications/MAMP/htdocs/apps/framework/base/CModule.php(388): CDbConnection->init()
#3 /Applications/MAMP/htdocs/apps/framework/base/CModule.php(104): CModule->getComponent('db')
#4 /Applications/MAMP/htdocs/apps/framework/gii/generators/model/ModelCode.php(57): CModule->__get('db')
#5 /Applications/MAMP/htdocs/apps/framework/web/CFormModel.php(40): ModelCode->init()
#6 /Applications/MAMP/htdocs/apps/framework/gii/CCodeGenerator.php(154): CFormModel->__construct()
#7 /Applications/MAMP/htdocs/apps/framework/gii/CCodeGenerator.php(64): CCodeGenerator->prepare()
#8 /Applications/MAMP/htdocs/apps/framework/web/actions/CInlineAction.php(50): CCodeGenerator->actionIndex()
#9 /Applications/MAMP/htdocs/apps/framework/web/CController.php(309): CInlineAction->runWithParams(Array)
#10 /Applications/MAMP/htdocs/apps/framework/web/CController.php(287): CController->runAction(Object(CInlineAction))
#11 /Applications/MAMP/htdocs/apps/framework/web/CController.php(266): CController->runActionWithFilters(Object(CInlineAction), Array)
#12 /Applications/MAMP/htdocs/apps/framework/web/CWebApplication.php(283): CController->run('')
#13 /Applications/MAMP/htdocs/apps/framework/web/CWebApplication.php(142): CWebApplication->runController('gii/model')
#14 /Applications/MAMP/htdocs/apps/framework/base/CApplication.php(162): CWebApplication->processRequest()
#15 /Applications/MAMP/htdocs/apps/el/index.php(13): CApplication->run()
#16 {main}
REQUEST_URI=/apps/el/index.php/gii/model
HTTP_REFERER=http://localhost/apps/el/index.php/gii
---
2013/03/08 05:55:19 [error] [exception.CDbException] exception 'CDbException' with message 'CDbConnection failed to open the DB connection: SQLSTATE[28000] [1045] Access denied for user 'root'@'localhost' (using password: YES)' in /Applications/MAMP/htdocs/apps/framework/db/CDbConnection.php:382
Stack trace:
#0 /Applications/MAMP/htdocs/apps/framework/db/CDbConnection.php(331): CDbConnection->open()
#1 /Applications/MAMP/htdocs/apps/framework/db/CDbConnection.php(309): CDbConnection->setActive(true)
#2 /Applications/MAMP/htdocs/apps/framework/base/CModule.php(388): CDbConnection->init()
#3 /Applications/MAMP/htdocs/apps/framework/base/CModule.php(104): CModule->getComponent('db')
#4 /Applications/MAMP/htdocs/apps/framework/gii/generators/crud/CrudCode.php(44): CModule->__get('db')
#5 /Applications/MAMP/htdocs/apps/framework/web/CFormModel.php(40): CrudCode->init()
#6 /Applications/MAMP/htdocs/apps/framework/gii/CCodeGenerator.php(154): CFormModel->__construct()
#7 /Applications/MAMP/htdocs/apps/framework/gii/CCodeGenerator.php(64): CCodeGenerator->prepare()
#8 /Applications/MAMP/htdocs/apps/framework/web/actions/CInlineAction.php(50): CCodeGenerator->actionIndex()
#9 /Applications/MAMP/htdocs/apps/framework/web/CController.php(309): CInlineAction->runWithParams(Array)
#10 /Applications/MAMP/htdocs/apps/framework/web/CController.php(287): CController->runAction(Object(CInlineAction))
#11 /Applications/MAMP/htdocs/apps/framework/web/CController.php(266): CController->runActionWithFilters(Object(CInlineAction), Array)
#12 /Applications/MAMP/htdocs/apps/framework/web/CWebApplication.php(283): CController->run('')
#13 /Applications/MAMP/htdocs/apps/framework/web/CWebApplication.php(142): CWebApplication->runController('gii/crud')
#14 /Applications/MAMP/htdocs/apps/framework/base/CApplication.php(162): CWebApplication->processRequest()
#15 /Applications/MAMP/htdocs/apps/el/index.php(13): CApplication->run()
#16 {main}
REQUEST_URI=/apps/el/index.php/gii/crud
HTTP_REFERER=http://localhost/apps/el/index.php/gii
---
2013/03/08 05:55:36 [error] [exception.CDbException] exception 'CDbException' with message 'CDbConnection failed to open the DB connection: SQLSTATE[28000] [1045] Access denied for user 'root'@'localhost' (using password: YES)' in /Applications/MAMP/htdocs/apps/framework/db/CDbConnection.php:382
Stack trace:
#0 /Applications/MAMP/htdocs/apps/framework/db/CDbConnection.php(331): CDbConnection->open()
#1 /Applications/MAMP/htdocs/apps/framework/db/CDbConnection.php(309): CDbConnection->setActive(true)
#2 /Applications/MAMP/htdocs/apps/framework/base/CModule.php(388): CDbConnection->init()
#3 /Applications/MAMP/htdocs/apps/framework/base/CModule.php(104): CModule->getComponent('db')
#4 /Applications/MAMP/htdocs/apps/framework/gii/generators/model/ModelCode.php(57): CModule->__get('db')
#5 /Applications/MAMP/htdocs/apps/framework/web/CFormModel.php(40): ModelCode->init()
#6 /Applications/MAMP/htdocs/apps/framework/gii/CCodeGenerator.php(154): CFormModel->__construct()
#7 /Applications/MAMP/htdocs/apps/framework/gii/CCodeGenerator.php(64): CCodeGenerator->prepare()
#8 /Applications/MAMP/htdocs/apps/framework/web/actions/CInlineAction.php(50): CCodeGenerator->actionIndex()
#9 /Applications/MAMP/htdocs/apps/framework/web/CController.php(309): CInlineAction->runWithParams(Array)
#10 /Applications/MAMP/htdocs/apps/framework/web/CController.php(287): CController->runAction(Object(CInlineAction))
#11 /Applications/MAMP/htdocs/apps/framework/web/CController.php(266): CController->runActionWithFilters(Object(CInlineAction), Array)
#12 /Applications/MAMP/htdocs/apps/framework/web/CWebApplication.php(283): CController->run('')
#13 /Applications/MAMP/htdocs/apps/framework/web/CWebApplication.php(142): CWebApplication->runController('gii/model')
#14 /Applications/MAMP/htdocs/apps/framework/base/CApplication.php(162): CWebApplication->processRequest()
#15 /Applications/MAMP/htdocs/apps/el/index.php(13): CApplication->run()
#16 {main}
REQUEST_URI=/apps/el/index.php/gii/model
HTTP_REFERER=http://localhost/apps/el/index.php/gii
---
2013/03/08 05:59:17 [error] [exception.CDbException] exception 'CDbException' with message 'CDbConnection failed to open the DB connection: SQLSTATE[28000] [1045] Access denied for user 'root'@'localhost' (using password: YES)' in /Applications/MAMP/htdocs/apps/framework/db/CDbConnection.php:382
Stack trace:
#0 /Applications/MAMP/htdocs/apps/framework/db/CDbConnection.php(331): CDbConnection->open()
#1 /Applications/MAMP/htdocs/apps/framework/db/CDbConnection.php(309): CDbConnection->setActive(true)
#2 /Applications/MAMP/htdocs/apps/framework/base/CModule.php(388): CDbConnection->init()
#3 /Applications/MAMP/htdocs/apps/framework/base/CModule.php(104): CModule->getComponent('db')
#4 /Applications/MAMP/htdocs/apps/framework/gii/generators/model/ModelCode.php(57): CModule->__get('db')
#5 /Applications/MAMP/htdocs/apps/framework/web/CFormModel.php(40): ModelCode->init()
#6 /Applications/MAMP/htdocs/apps/framework/gii/CCodeGenerator.php(154): CFormModel->__construct()
#7 /Applications/MAMP/htdocs/apps/framework/gii/CCodeGenerator.php(64): CCodeGenerator->prepare()
#8 /Applications/MAMP/htdocs/apps/framework/web/actions/CInlineAction.php(50): CCodeGenerator->actionIndex()
#9 /Applications/MAMP/htdocs/apps/framework/web/CController.php(309): CInlineAction->runWithParams(Array)
#10 /Applications/MAMP/htdocs/apps/framework/web/CController.php(287): CController->runAction(Object(CInlineAction))
#11 /Applications/MAMP/htdocs/apps/framework/web/CController.php(266): CController->runActionWithFilters(Object(CInlineAction), Array)
#12 /Applications/MAMP/htdocs/apps/framework/web/CWebApplication.php(283): CController->run('')
#13 /Applications/MAMP/htdocs/apps/framework/web/CWebApplication.php(142): CWebApplication->runController('gii/model')
#14 /Applications/MAMP/htdocs/apps/framework/base/CApplication.php(162): CWebApplication->processRequest()
#15 /Applications/MAMP/htdocs/apps/el/index.php(13): CApplication->run()
#16 {main}
REQUEST_URI=/apps/el/index.php/gii/model
HTTP_REFERER=http://localhost/apps/el/index.php/gii/module
---
2013/03/08 05:59:22 [error] [exception.CDbException] exception 'CDbException' with message 'CDbConnection failed to open the DB connection: SQLSTATE[28000] [1045] Access denied for user 'root'@'localhost' (using password: YES)' in /Applications/MAMP/htdocs/apps/framework/db/CDbConnection.php:382
Stack trace:
#0 /Applications/MAMP/htdocs/apps/framework/db/CDbConnection.php(331): CDbConnection->open()
#1 /Applications/MAMP/htdocs/apps/framework/db/CDbConnection.php(309): CDbConnection->setActive(true)
#2 /Applications/MAMP/htdocs/apps/framework/base/CModule.php(388): CDbConnection->init()
#3 /Applications/MAMP/htdocs/apps/framework/base/CModule.php(104): CModule->getComponent('db')
#4 /Applications/MAMP/htdocs/apps/framework/gii/generators/crud/CrudCode.php(44): CModule->__get('db')
#5 /Applications/MAMP/htdocs/apps/framework/web/CFormModel.php(40): CrudCode->init()
#6 /Applications/MAMP/htdocs/apps/framework/gii/CCodeGenerator.php(154): CFormModel->__construct()
#7 /Applications/MAMP/htdocs/apps/framework/gii/CCodeGenerator.php(64): CCodeGenerator->prepare()
#8 /Applications/MAMP/htdocs/apps/framework/web/actions/CInlineAction.php(50): CCodeGenerator->actionIndex()
#9 /Applications/MAMP/htdocs/apps/framework/web/CController.php(309): CInlineAction->runWithParams(Array)
#10 /Applications/MAMP/htdocs/apps/framework/web/CController.php(287): CController->runAction(Object(CInlineAction))
#11 /Applications/MAMP/htdocs/apps/framework/web/CController.php(266): CController->runActionWithFilters(Object(CInlineAction), Array)
#12 /Applications/MAMP/htdocs/apps/framework/web/CWebApplication.php(283): CController->run('')
#13 /Applications/MAMP/htdocs/apps/framework/web/CWebApplication.php(142): CWebApplication->runController('gii/crud')
#14 /Applications/MAMP/htdocs/apps/framework/base/CApplication.php(162): CWebApplication->processRequest()
#15 /Applications/MAMP/htdocs/apps/el/index.php(13): CApplication->run()
#16 {main}
REQUEST_URI=/apps/el/index.php/gii/crud
HTTP_REFERER=http://localhost/apps/el/index.php/gii/controller
---
2013/03/08 05:59:26 [error] [exception.CDbException] exception 'CDbException' with message 'CDbConnection failed to open the DB connection: SQLSTATE[28000] [1045] Access denied for user 'root'@'localhost' (using password: YES)' in /Applications/MAMP/htdocs/apps/framework/db/CDbConnection.php:382
Stack trace:
#0 /Applications/MAMP/htdocs/apps/framework/db/CDbConnection.php(331): CDbConnection->open()
#1 /Applications/MAMP/htdocs/apps/framework/db/CDbConnection.php(309): CDbConnection->setActive(true)
#2 /Applications/MAMP/htdocs/apps/framework/base/CModule.php(388): CDbConnection->init()
#3 /Applications/MAMP/htdocs/apps/framework/base/CModule.php(104): CModule->getComponent('db')
#4 /Applications/MAMP/htdocs/apps/framework/gii/generators/crud/CrudCode.php(44): CModule->__get('db')
#5 /Applications/MAMP/htdocs/apps/framework/web/CFormModel.php(40): CrudCode->init()
#6 /Applications/MAMP/htdocs/apps/framework/gii/CCodeGenerator.php(154): CFormModel->__construct()
#7 /Applications/MAMP/htdocs/apps/framework/gii/CCodeGenerator.php(64): CCodeGenerator->prepare()
#8 /Applications/MAMP/htdocs/apps/framework/web/actions/CInlineAction.php(50): CCodeGenerator->actionIndex()
#9 /Applications/MAMP/htdocs/apps/framework/web/CController.php(309): CInlineAction->runWithParams(Array)
#10 /Applications/MAMP/htdocs/apps/framework/web/CController.php(287): CController->runAction(Object(CInlineAction))
#11 /Applications/MAMP/htdocs/apps/framework/web/CController.php(266): CController->runActionWithFilters(Object(CInlineAction), Array)
#12 /Applications/MAMP/htdocs/apps/framework/web/CWebApplication.php(283): CController->run('')
#13 /Applications/MAMP/htdocs/apps/framework/web/CWebApplication.php(142): CWebApplication->runController('gii/crud')
#14 /Applications/MAMP/htdocs/apps/framework/base/CApplication.php(162): CWebApplication->processRequest()
#15 /Applications/MAMP/htdocs/apps/el/index.php(13): CApplication->run()
#16 {main}
REQUEST_URI=/apps/el/index.php/gii/crud
HTTP_REFERER=http://localhost/apps/el/index.php/gii/controller
---
2013/03/08 06:59:37 [error] [exception.CDbException] exception 'CDbException' with message 'CDbConnection failed to open the DB connection: SQLSTATE[28000] [1045] Access denied for user 'root'@'localhost' (using password: NO)' in /Applications/MAMP/htdocs/apps/framework/db/CDbConnection.php:382
Stack trace:
#0 /Applications/MAMP/htdocs/apps/framework/db/CDbConnection.php(331): CDbConnection->open()
#1 /Applications/MAMP/htdocs/apps/framework/db/CDbConnection.php(309): CDbConnection->setActive(true)
#2 /Applications/MAMP/htdocs/apps/framework/base/CModule.php(388): CDbConnection->init()
#3 /Applications/MAMP/htdocs/apps/framework/base/CModule.php(104): CModule->getComponent('db')
#4 /Applications/MAMP/htdocs/apps/framework/gii/generators/model/ModelCode.php(57): CModule->__get('db')
#5 /Applications/MAMP/htdocs/apps/framework/web/CFormModel.php(40): ModelCode->init()
#6 /Applications/MAMP/htdocs/apps/framework/gii/CCodeGenerator.php(154): CFormModel->__construct()
#7 /Applications/MAMP/htdocs/apps/framework/gii/CCodeGenerator.php(64): CCodeGenerator->prepare()
#8 /Applications/MAMP/htdocs/apps/framework/web/actions/CInlineAction.php(50): CCodeGenerator->actionIndex()
#9 /Applications/MAMP/htdocs/apps/framework/web/CController.php(309): CInlineAction->runWithParams(Array)
#10 /Applications/MAMP/htdocs/apps/framework/web/CController.php(287): CController->runAction(Object(CInlineAction))
#11 /Applications/MAMP/htdocs/apps/framework/web/CController.php(266): CController->runActionWithFilters(Object(CInlineAction), Array)
#12 /Applications/MAMP/htdocs/apps/framework/web/CWebApplication.php(283): CController->run('')
#13 /Applications/MAMP/htdocs/apps/framework/web/CWebApplication.php(142): CWebApplication->runController('gii/model')
#14 /Applications/MAMP/htdocs/apps/framework/base/CApplication.php(162): CWebApplication->processRequest()
#15 /Applications/MAMP/htdocs/apps/el/index.php(13): CApplication->run()
#16 {main}
REQUEST_URI=/apps/el/index.php/gii/model
HTTP_REFERER=http://localhost/apps/el/index.php/gii
---
2013/03/08 07:00:02 [error] [exception.CDbException] exception 'CDbException' with message 'CDbConnection failed to open the DB connection: SQLSTATE[28000] [1045] Access denied for user 'root'@'localhost' (using password: YES)' in /Applications/MAMP/htdocs/apps/framework/db/CDbConnection.php:382
Stack trace:
#0 /Applications/MAMP/htdocs/apps/framework/db/CDbConnection.php(331): CDbConnection->open()
#1 /Applications/MAMP/htdocs/apps/framework/db/CDbConnection.php(309): CDbConnection->setActive(true)
#2 /Applications/MAMP/htdocs/apps/framework/base/CModule.php(388): CDbConnection->init()
#3 /Applications/MAMP/htdocs/apps/framework/base/CModule.php(104): CModule->getComponent('db')
#4 /Applications/MAMP/htdocs/apps/framework/gii/generators/model/ModelCode.php(57): CModule->__get('db')
#5 /Applications/MAMP/htdocs/apps/framework/web/CFormModel.php(40): ModelCode->init()
#6 /Applications/MAMP/htdocs/apps/framework/gii/CCodeGenerator.php(154): CFormModel->__construct()
#7 /Applications/MAMP/htdocs/apps/framework/gii/CCodeGenerator.php(64): CCodeGenerator->prepare()
#8 /Applications/MAMP/htdocs/apps/framework/web/actions/CInlineAction.php(50): CCodeGenerator->actionIndex()
#9 /Applications/MAMP/htdocs/apps/framework/web/CController.php(309): CInlineAction->runWithParams(Array)
#10 /Applications/MAMP/htdocs/apps/framework/web/CController.php(287): CController->runAction(Object(CInlineAction))
#11 /Applications/MAMP/htdocs/apps/framework/web/CController.php(266): CController->runActionWithFilters(Object(CInlineAction), Array)
#12 /Applications/MAMP/htdocs/apps/framework/web/CWebApplication.php(283): CController->run('')
#13 /Applications/MAMP/htdocs/apps/framework/web/CWebApplication.php(142): CWebApplication->runController('gii/model')
#14 /Applications/MAMP/htdocs/apps/framework/base/CApplication.php(162): CWebApplication->processRequest()
#15 /Applications/MAMP/htdocs/apps/el/index.php(13): CApplication->run()
#16 {main}
REQUEST_URI=/apps/el/index.php/gii/model
HTTP_REFERER=http://localhost/apps/el/index.php/gii
---
2013/03/08 07:00:08 [error] [exception.CDbException] exception 'CDbException' with message 'CDbConnection failed to open the DB connection: SQLSTATE[28000] [1045] Access denied for user 'root'@'localhost' (using password: YES)' in /Applications/MAMP/htdocs/apps/framework/db/CDbConnection.php:382
Stack trace:
#0 /Applications/MAMP/htdocs/apps/framework/db/CDbConnection.php(331): CDbConnection->open()
#1 /Applications/MAMP/htdocs/apps/framework/db/CDbConnection.php(309): CDbConnection->setActive(true)
#2 /Applications/MAMP/htdocs/apps/framework/base/CModule.php(388): CDbConnection->init()
#3 /Applications/MAMP/htdocs/apps/framework/base/CModule.php(104): CModule->getComponent('db')
#4 /Applications/MAMP/htdocs/apps/framework/gii/generators/model/ModelCode.php(57): CModule->__get('db')
#5 /Applications/MAMP/htdocs/apps/framework/web/CFormModel.php(40): ModelCode->init()
#6 /Applications/MAMP/htdocs/apps/framework/gii/CCodeGenerator.php(154): CFormModel->__construct()
#7 /Applications/MAMP/htdocs/apps/framework/gii/CCodeGenerator.php(64): CCodeGenerator->prepare()
#8 /Applications/MAMP/htdocs/apps/framework/web/actions/CInlineAction.php(50): CCodeGenerator->actionIndex()
#9 /Applications/MAMP/htdocs/apps/framework/web/CController.php(309): CInlineAction->runWithParams(Array)
#10 /Applications/MAMP/htdocs/apps/framework/web/CController.php(287): CController->runAction(Object(CInlineAction))
#11 /Applications/MAMP/htdocs/apps/framework/web/CController.php(266): CController->runActionWithFilters(Object(CInlineAction), Array)
#12 /Applications/MAMP/htdocs/apps/framework/web/CWebApplication.php(283): CController->run('')
#13 /Applications/MAMP/htdocs/apps/framework/web/CWebApplication.php(142): CWebApplication->runController('gii/model')
#14 /Applications/MAMP/htdocs/apps/framework/base/CApplication.php(162): CWebApplication->processRequest()
#15 /Applications/MAMP/htdocs/apps/el/index.php(13): CApplication->run()
#16 {main}
REQUEST_URI=/apps/el/index.php/gii/model
HTTP_REFERER=http://localhost/apps/el/index.php/gii
---
2013/03/08 07:37:03 [error] [exception.CDbException] exception 'CDbException' with message 'CDbConnection failed to open the DB connection: SQLSTATE[28000] [1045] Access denied for user 'root'@'localhost' (using password: YES)' in /Applications/MAMP/htdocs/apps/framework/db/CDbConnection.php:382
Stack trace:
#0 /Applications/MAMP/htdocs/apps/framework/db/CDbConnection.php(331): CDbConnection->open()
#1 /Applications/MAMP/htdocs/apps/framework/db/CDbConnection.php(309): CDbConnection->setActive(true)
#2 /Applications/MAMP/htdocs/apps/framework/base/CModule.php(388): CDbConnection->init()
#3 /Applications/MAMP/htdocs/apps/framework/base/CModule.php(104): CModule->getComponent('db')
#4 /Applications/MAMP/htdocs/apps/framework/gii/generators/model/ModelCode.php(57): CModule->__get('db')
#5 /Applications/MAMP/htdocs/apps/framework/web/CFormModel.php(40): ModelCode->init()
#6 /Applications/MAMP/htdocs/apps/framework/gii/CCodeGenerator.php(154): CFormModel->__construct()
#7 /Applications/MAMP/htdocs/apps/framework/gii/CCodeGenerator.php(64): CCodeGenerator->prepare()
#8 /Applications/MAMP/htdocs/apps/framework/web/actions/CInlineAction.php(50): CCodeGenerator->actionIndex()
#9 /Applications/MAMP/htdocs/apps/framework/web/CController.php(309): CInlineAction->runWithParams(Array)
#10 /Applications/MAMP/htdocs/apps/framework/web/CController.php(287): CController->runAction(Object(CInlineAction))
#11 /Applications/MAMP/htdocs/apps/framework/web/CController.php(266): CController->runActionWithFilters(Object(CInlineAction), Array)
#12 /Applications/MAMP/htdocs/apps/framework/web/CWebApplication.php(283): CController->run('')
#13 /Applications/MAMP/htdocs/apps/framework/web/CWebApplication.php(142): CWebApplication->runController('gii/model')
#14 /Applications/MAMP/htdocs/apps/framework/base/CApplication.php(162): CWebApplication->processRequest()
#15 /Applications/MAMP/htdocs/apps/el/index.php(13): CApplication->run()
#16 {main}
REQUEST_URI=/apps/el/index.php/gii/model
HTTP_REFERER=http://localhost/apps/el/index.php/gii
---
2013/03/08 07:42:20 [error] [exception.CDbException] exception 'CDbException' with message 'CDbConnection failed to open the DB connection: SQLSTATE[28000] [1045] Access denied for user 'root'@'localhost' (using password: YES)' in /Applications/MAMP/htdocs/apps/framework/db/CDbConnection.php:382
Stack trace:
#0 /Applications/MAMP/htdocs/apps/framework/db/CDbConnection.php(331): CDbConnection->open()
#1 /Applications/MAMP/htdocs/apps/framework/db/CDbConnection.php(309): CDbConnection->setActive(true)
#2 /Applications/MAMP/htdocs/apps/framework/base/CModule.php(388): CDbConnection->init()
#3 /Applications/MAMP/htdocs/apps/framework/base/CModule.php(104): CModule->getComponent('db')
#4 /Applications/MAMP/htdocs/apps/framework/gii/generators/model/ModelCode.php(57): CModule->__get('db')
#5 /Applications/MAMP/htdocs/apps/framework/web/CFormModel.php(40): ModelCode->init()
#6 /Applications/MAMP/htdocs/apps/framework/gii/CCodeGenerator.php(154): CFormModel->__construct()
#7 /Applications/MAMP/htdocs/apps/framework/gii/CCodeGenerator.php(64): CCodeGenerator->prepare()
#8 /Applications/MAMP/htdocs/apps/framework/web/actions/CInlineAction.php(50): CCodeGenerator->actionIndex()
#9 /Applications/MAMP/htdocs/apps/framework/web/CController.php(309): CInlineAction->runWithParams(Array)
#10 /Applications/MAMP/htdocs/apps/framework/web/CController.php(287): CController->runAction(Object(CInlineAction))
#11 /Applications/MAMP/htdocs/apps/framework/web/CController.php(266): CController->runActionWithFilters(Object(CInlineAction), Array)
#12 /Applications/MAMP/htdocs/apps/framework/web/CWebApplication.php(283): CController->run('')
#13 /Applications/MAMP/htdocs/apps/framework/web/CWebApplication.php(142): CWebApplication->runController('gii/model')
#14 /Applications/MAMP/htdocs/apps/framework/base/CApplication.php(162): CWebApplication->processRequest()
#15 /Applications/MAMP/htdocs/apps/el/index.php(13): CApplication->run()
#16 {main}
REQUEST_URI=/apps/el/index.php/gii/model
HTTP_REFERER=http://localhost/apps/el/index.php/gii
---
2013/03/08 07:42:35 [error] [exception.CHttpException.404] exception 'CHttpException' with message 'Unable to resolve the request "phpmyadmin".' in /Applications/MAMP/htdocs/apps/framework/web/CWebApplication.php:287
Stack trace:
#0 /Applications/MAMP/htdocs/apps/framework/web/CWebApplication.php(142): CWebApplication->runController('phpmyadmin')
#1 /Applications/MAMP/htdocs/apps/framework/base/CApplication.php(162): CWebApplication->processRequest()
#2 /Applications/MAMP/htdocs/apps/el/index.php(13): CApplication->run()
#3 {main}
REQUEST_URI=/apps/el/index.php/phpmyadmin
---
2013/03/08 07:42:40 [error] [exception.CHttpException.404] exception 'CHttpException' with message 'Unable to resolve the request "phpmyadmin".' in /Applications/MAMP/htdocs/apps/framework/web/CWebApplication.php:287
Stack trace:
#0 /Applications/MAMP/htdocs/apps/framework/web/CWebApplication.php(142): CWebApplication->runController('phpmyadmin')
#1 /Applications/MAMP/htdocs/apps/framework/base/CApplication.php(162): CWebApplication->processRequest()
#2 /Applications/MAMP/htdocs/apps/el/index.php(13): CApplication->run()
#3 {main}
REQUEST_URI=/apps/el/index.php/phpmyadmin
---
2013/03/08 07:43:24 [error] [exception.CHttpException.404] exception 'CHttpException' with message 'Unable to resolve the request "phpmyadmin".' in /Applications/MAMP/htdocs/apps/framework/web/CWebApplication.php:287
Stack trace:
#0 /Applications/MAMP/htdocs/apps/framework/web/CWebApplication.php(142): CWebApplication->runController('phpmyadmin')
#1 /Applications/MAMP/htdocs/apps/framework/base/CApplication.php(162): CWebApplication->processRequest()
#2 /Applications/MAMP/htdocs/apps/el/index.php(13): CApplication->run()
#3 {main}
REQUEST_URI=/apps/el/index.php/phpmyadmin
---
2013/03/08 07:45:05 [error] [exception.CHttpException.404] exception 'CHttpException' with message 'Unable to resolve the request "phpmyadmin".' in /Applications/MAMP/htdocs/apps/framework/web/CWebApplication.php:287
Stack trace:
#0 /Applications/MAMP/htdocs/apps/framework/web/CWebApplication.php(142): CWebApplication->runController('phpmyadmin')
#1 /Applications/MAMP/htdocs/apps/framework/base/CApplication.php(162): CWebApplication->processRequest()
#2 /Applications/MAMP/htdocs/apps/el/index.php(13): CApplication->run()
#3 {main}
REQUEST_URI=/apps/el/index.php/phpmyadmin
---
2013/03/08 08:41:36 [error] [exception.CDbException] exception 'CDbException' with message 'CDbConnection failed to open the DB connection: SQLSTATE[28000] [1045] Access denied for user 'root'@'localhost' (using password: NO)' in /Applications/MAMP/htdocs/apps/framework/db/CDbConnection.php:382
Stack trace:
#0 /Applications/MAMP/htdocs/apps/framework/db/CDbConnection.php(331): CDbConnection->open()
#1 /Applications/MAMP/htdocs/apps/framework/db/CDbConnection.php(309): CDbConnection->setActive(true)
#2 /Applications/MAMP/htdocs/apps/framework/base/CModule.php(388): CDbConnection->init()
#3 /Applications/MAMP/htdocs/apps/framework/base/CModule.php(104): CModule->getComponent('db')
#4 /Applications/MAMP/htdocs/apps/framework/gii/generators/model/ModelCode.php(57): CModule->__get('db')
#5 /Applications/MAMP/htdocs/apps/framework/web/CFormModel.php(40): ModelCode->init()
#6 /Applications/MAMP/htdocs/apps/framework/gii/CCodeGenerator.php(154): CFormModel->__construct()
#7 /Applications/MAMP/htdocs/apps/framework/gii/CCodeGenerator.php(64): CCodeGenerator->prepare()
#8 /Applications/MAMP/htdocs/apps/framework/web/actions/CInlineAction.php(50): CCodeGenerator->actionIndex()
#9 /Applications/MAMP/htdocs/apps/framework/web/CController.php(309): CInlineAction->runWithParams(Array)
#10 /Applications/MAMP/htdocs/apps/framework/web/CController.php(287): CController->runAction(Object(CInlineAction))
#11 /Applications/MAMP/htdocs/apps/framework/web/CController.php(266): CController->runActionWithFilters(Object(CInlineAction), Array)
#12 /Applications/MAMP/htdocs/apps/framework/web/CWebApplication.php(283): CController->run('')
#13 /Applications/MAMP/htdocs/apps/framework/web/CWebApplication.php(142): CWebApplication->runController('gii/model')
#14 /Applications/MAMP/htdocs/apps/framework/base/CApplication.php(162): CWebApplication->processRequest()
#15 /Applications/MAMP/htdocs/apps/el/index.php(13): CApplication->run()
#16 {main}
REQUEST_URI=/apps/el/index.php/gii/model
HTTP_REFERER=http://localhost/apps/el/index.php/gii
---
2013/03/08 08:41:50 [error] [exception.CDbException] exception 'CDbException' with message 'CDbConnection failed to open the DB connection: SQLSTATE[28000] [1045] Access denied for user 'root'@'localhost' (using password: NO)' in /Applications/MAMP/htdocs/apps/framework/db/CDbConnection.php:382
Stack trace:
#0 /Applications/MAMP/htdocs/apps/framework/db/CDbConnection.php(331): CDbConnection->open()
#1 /Applications/MAMP/htdocs/apps/framework/db/CDbConnection.php(309): CDbConnection->setActive(true)
#2 /Applications/MAMP/htdocs/apps/framework/base/CModule.php(388): CDbConnection->init()
#3 /Applications/MAMP/htdocs/apps/framework/base/CModule.php(104): CModule->getComponent('db')
#4 /Applications/MAMP/htdocs/apps/framework/gii/generators/model/ModelCode.php(57): CModule->__get('db')
#5 /Applications/MAMP/htdocs/apps/framework/web/CFormModel.php(40): ModelCode->init()
#6 /Applications/MAMP/htdocs/apps/framework/gii/CCodeGenerator.php(154): CFormModel->__construct()
#7 /Applications/MAMP/htdocs/apps/framework/gii/CCodeGenerator.php(64): CCodeGenerator->prepare()
#8 /Applications/MAMP/htdocs/apps/framework/web/actions/CInlineAction.php(50): CCodeGenerator->actionIndex()
#9 /Applications/MAMP/htdocs/apps/framework/web/CController.php(309): CInlineAction->runWithParams(Array)
#10 /Applications/MAMP/htdocs/apps/framework/web/CController.php(287): CController->runAction(Object(CInlineAction))
#11 /Applications/MAMP/htdocs/apps/framework/web/CController.php(266): CController->runActionWithFilters(Object(CInlineAction), Array)
#12 /Applications/MAMP/htdocs/apps/framework/web/CWebApplication.php(283): CController->run('')
#13 /Applications/MAMP/htdocs/apps/framework/web/CWebApplication.php(142): CWebApplication->runController('gii/model')
#14 /Applications/MAMP/htdocs/apps/framework/base/CApplication.php(162): CWebApplication->processRequest()
#15 /Applications/MAMP/htdocs/apps/el/index.php(13): CApplication->run()
#16 {main}
REQUEST_URI=/apps/el/index.php/gii/model
HTTP_REFERER=http://localhost/apps/el/index.php/gii
---
2013/03/08 08:43:54 [error] [exception.CDbException] exception 'CDbException' with message 'CDbConnection failed to open the DB connection: SQLSTATE[28000] [1045] Access denied for user 'root'@'localhost' (using password: NO)' in /Applications/MAMP/htdocs/apps/framework/db/CDbConnection.php:382
Stack trace:
#0 /Applications/MAMP/htdocs/apps/framework/db/CDbConnection.php(331): CDbConnection->open()
#1 /Applications/MAMP/htdocs/apps/framework/db/CDbConnection.php(309): CDbConnection->setActive(true)
#2 /Applications/MAMP/htdocs/apps/framework/base/CModule.php(388): CDbConnection->init()
#3 /Applications/MAMP/htdocs/apps/framework/base/CModule.php(104): CModule->getComponent('db')
#4 /Applications/MAMP/htdocs/apps/framework/gii/generators/model/ModelCode.php(57): CModule->__get('db')
#5 /Applications/MAMP/htdocs/apps/framework/web/CFormModel.php(40): ModelCode->init()
#6 /Applications/MAMP/htdocs/apps/framework/gii/CCodeGenerator.php(154): CFormModel->__construct()
#7 /Applications/MAMP/htdocs/apps/framework/gii/CCodeGenerator.php(64): CCodeGenerator->prepare()
#8 /Applications/MAMP/htdocs/apps/framework/web/actions/CInlineAction.php(50): CCodeGenerator->actionIndex()
#9 /Applications/MAMP/htdocs/apps/framework/web/CController.php(309): CInlineAction->runWithParams(Array)
#10 /Applications/MAMP/htdocs/apps/framework/web/CController.php(287): CController->runAction(Object(CInlineAction))
#11 /Applications/MAMP/htdocs/apps/framework/web/CController.php(266): CController->runActionWithFilters(Object(CInlineAction), Array)
#12 /Applications/MAMP/htdocs/apps/framework/web/CWebApplication.php(283): CController->run('')
#13 /Applications/MAMP/htdocs/apps/framework/web/CWebApplication.php(142): CWebApplication->runController('gii/model')
#14 /Applications/MAMP/htdocs/apps/framework/base/CApplication.php(162): CWebApplication->processRequest()
#15 /Applications/MAMP/htdocs/apps/el/index.php(13): CApplication->run()
#16 {main}
REQUEST_URI=/apps/el/index.php/gii/model
HTTP_REFERER=http://localhost/apps/el/index.php/gii
---
2013/03/08 08:49:14 [error] [exception.CDbException] exception 'CDbException' with message 'CDbConnection failed to open the DB connection: SQLSTATE[28000] [1045] Access denied for user 'root'@'localhost' (using password: NO)' in /Applications/MAMP/htdocs/apps/framework/db/CDbConnection.php:382
Stack trace:
#0 /Applications/MAMP/htdocs/apps/framework/db/CDbConnection.php(331): CDbConnection->open()
#1 /Applications/MAMP/htdocs/apps/framework/db/CDbConnection.php(309): CDbConnection->setActive(true)
#2 /Applications/MAMP/htdocs/apps/framework/base/CModule.php(388): CDbConnection->init()
#3 /Applications/MAMP/htdocs/apps/framework/base/CModule.php(104): CModule->getComponent('db')
#4 /Applications/MAMP/htdocs/apps/framework/gii/generators/model/ModelCode.php(57): CModule->__get('db')
#5 /Applications/MAMP/htdocs/apps/framework/web/CFormModel.php(40): ModelCode->init()
#6 /Applications/MAMP/htdocs/apps/framework/gii/CCodeGenerator.php(154): CFormModel->__construct()
#7 /Applications/MAMP/htdocs/apps/framework/gii/CCodeGenerator.php(64): CCodeGenerator->prepare()
#8 /Applications/MAMP/htdocs/apps/framework/web/actions/CInlineAction.php(50): CCodeGenerator->actionIndex()
#9 /Applications/MAMP/htdocs/apps/framework/web/CController.php(309): CInlineAction->runWithParams(Array)
#10 /Applications/MAMP/htdocs/apps/framework/web/CController.php(287): CController->runAction(Object(CInlineAction))
#11 /Applications/MAMP/htdocs/apps/framework/web/CController.php(266): CController->runActionWithFilters(Object(CInlineAction), Array)
#12 /Applications/MAMP/htdocs/apps/framework/web/CWebApplication.php(283): CController->run('')
#13 /Applications/MAMP/htdocs/apps/framework/web/CWebApplication.php(142): CWebApplication->runController('gii/model')
#14 /Applications/MAMP/htdocs/apps/framework/base/CApplication.php(162): CWebApplication->processRequest()
#15 /Applications/MAMP/htdocs/apps/el/index.php(13): CApplication->run()
#16 {main}
REQUEST_URI=/apps/el/index.php/gii/model
HTTP_REFERER=http://localhost/apps/el/index.php/gii
---
2013/03/09 14:36:23 [error] [exception.CHttpException.404] exception 'CHttpException' with message 'The system is unable to find the requested action "iamges".' in /Applications/MAMP/htdocs/apps/framework/web/CController.php:484
Stack trace:
#0 /Applications/MAMP/htdocs/apps/framework/web/CController.php(271): CController->missingAction('iamges')
#1 /Applications/MAMP/htdocs/apps/framework/web/CWebApplication.php(283): CController->run('iamges')
#2 /Applications/MAMP/htdocs/apps/framework/web/CWebApplication.php(142): CWebApplication->runController('activity/iamges...')
#3 /Applications/MAMP/htdocs/apps/framework/base/CApplication.php(162): CWebApplication->processRequest()
#4 /Applications/MAMP/htdocs/apps/el/index.php(13): CApplication->run()
#5 {main}
REQUEST_URI=/apps/el/index.php/activity/iamges/news-img.jpg
HTTP_REFERER=http://localhost/apps/el/index.php/activity/online
---
2013/03/09 14:36:23 [error] [exception.CHttpException.404] exception 'CHttpException' with message 'The system is unable to find the requested action "iamges".' in /Applications/MAMP/htdocs/apps/framework/web/CController.php:484
Stack trace:
#0 /Applications/MAMP/htdocs/apps/framework/web/CController.php(271): CController->missingAction('iamges')
#1 /Applications/MAMP/htdocs/apps/framework/web/CWebApplication.php(283): CController->run('iamges')
#2 /Applications/MAMP/htdocs/apps/framework/web/CWebApplication.php(142): CWebApplication->runController('activity/iamges...')
#3 /Applications/MAMP/htdocs/apps/framework/base/CApplication.php(162): CWebApplication->processRequest()
#4 /Applications/MAMP/htdocs/apps/el/index.php(13): CApplication->run()
#5 {main}
REQUEST_URI=/apps/el/index.php/activity/iamges/news-img.jpg?1362836183182
HTTP_REFERER=http://localhost/apps/el/index.php/activity/online
---
2013/03/09 14:36:24 [error] [exception.CHttpException.404] exception 'CHttpException' with message 'The system is unable to find the requested action "iamges".' in /Applications/MAMP/htdocs/apps/framework/web/CController.php:484
Stack trace:
#0 /Applications/MAMP/htdocs/apps/framework/web/CController.php(271): CController->missingAction('iamges')
#1 /Applications/MAMP/htdocs/apps/framework/web/CWebApplication.php(283): CController->run('iamges')
#2 /Applications/MAMP/htdocs/apps/framework/web/CWebApplication.php(142): CWebApplication->runController('activity/iamges...')
#3 /Applications/MAMP/htdocs/apps/framework/base/CApplication.php(162): CWebApplication->processRequest()
#4 /Applications/MAMP/htdocs/apps/el/index.php(13): CApplication->run()
#5 {main}
REQUEST_URI=/apps/el/index.php/activity/iamges/news-img.jpg
HTTP_REFERER=http://localhost/apps/el/index.php/activity/online
---
2013/03/09 14:36:24 [error] [exception.CHttpException.404] exception 'CHttpException' with message 'The system is unable to find the requested action "iamges".' in /Applications/MAMP/htdocs/apps/framework/web/CController.php:484
Stack trace:
#0 /Applications/MAMP/htdocs/apps/framework/web/CController.php(271): CController->missingAction('iamges')
#1 /Applications/MAMP/htdocs/apps/framework/web/CWebApplication.php(283): CController->run('iamges')
#2 /Applications/MAMP/htdocs/apps/framework/web/CWebApplication.php(142): CWebApplication->runController('activity/iamges...')
#3 /Applications/MAMP/htdocs/apps/framework/base/CApplication.php(162): CWebApplication->processRequest()
#4 /Applications/MAMP/htdocs/apps/el/index.php(13): CApplication->run()
#5 {main}
REQUEST_URI=/apps/el/index.php/activity/iamges/news-img.jpg?1362836184294
HTTP_REFERER=http://localhost/apps/el/index.php/activity/online
---
2013/03/09 14:36:24 [error] [exception.CHttpException.404] exception 'CHttpException' with message 'The system is unable to find the requested action "iamges".' in /Applications/MAMP/htdocs/apps/framework/web/CController.php:484
Stack trace:
#0 /Applications/MAMP/htdocs/apps/framework/web/CController.php(271): CController->missingAction('iamges')
#1 /Applications/MAMP/htdocs/apps/framework/web/CWebApplication.php(283): CController->run('iamges')
#2 /Applications/MAMP/htdocs/apps/framework/web/CWebApplication.php(142): CWebApplication->runController('activity/iamges...')
#3 /Applications/MAMP/htdocs/apps/framework/base/CApplication.php(162): CWebApplication->processRequest()
#4 /Applications/MAMP/htdocs/apps/el/index.php(13): CApplication->run()
#5 {main}
REQUEST_URI=/apps/el/index.php/activity/iamges/news-img.jpg
HTTP_REFERER=http://localhost/apps/el/index.php/activity/online
---
2013/03/09 14:36:24 [error] [exception.CHttpException.404] exception 'CHttpException' with message 'The system is unable to find the requested action "iamges".' in /Applications/MAMP/htdocs/apps/framework/web/CController.php:484
Stack trace:
#0 /Applications/MAMP/htdocs/apps/framework/web/CController.php(271): CController->missingAction('iamges')
#1 /Applications/MAMP/htdocs/apps/framework/web/CWebApplication.php(283): CController->run('iamges')
#2 /Applications/MAMP/htdocs/apps/framework/web/CWebApplication.php(142): CWebApplication->runController('activity/iamges...')
#3 /Applications/MAMP/htdocs/apps/framework/base/CApplication.php(162): CWebApplication->processRequest()
#4 /Applications/MAMP/htdocs/apps/el/index.php(13): CApplication->run()
#5 {main}
REQUEST_URI=/apps/el/index.php/activity/iamges/news-img.jpg?1362836184907
HTTP_REFERER=http://localhost/apps/el/index.php/activity/online
---
2013/03/09 14:36:39 [error] [exception.CHttpException.404] exception 'CHttpException' with message 'The system is unable to find the requested action "images".' in /Applications/MAMP/htdocs/apps/framework/web/CController.php:484
Stack trace:
#0 /Applications/MAMP/htdocs/apps/framework/web/CController.php(271): CController->missingAction('images')
#1 /Applications/MAMP/htdocs/apps/framework/web/CWebApplication.php(283): CController->run('images')
#2 /Applications/MAMP/htdocs/apps/framework/web/CWebApplication.php(142): CWebApplication->runController('activity/images...')
#3 /Applications/MAMP/htdocs/apps/framework/base/CApplication.php(162): CWebApplication->processRequest()
#4 /Applications/MAMP/htdocs/apps/el/index.php(13): CApplication->run()
#5 {main}
REQUEST_URI=/apps/el/index.php/activity/images/news-img.jpg
HTTP_REFERER=http://localhost/apps/el/index.php/activity/online
---
2013/03/09 14:36:39 [error] [exception.CHttpException.404] exception 'CHttpException' with message 'The system is unable to find the requested action "images".' in /Applications/MAMP/htdocs/apps/framework/web/CController.php:484
Stack trace:
#0 /Applications/MAMP/htdocs/apps/framework/web/CController.php(271): CController->missingAction('images')
#1 /Applications/MAMP/htdocs/apps/framework/web/CWebApplication.php(283): CController->run('images')
#2 /Applications/MAMP/htdocs/apps/framework/web/CWebApplication.php(142): CWebApplication->runController('activity/images...')
#3 /Applications/MAMP/htdocs/apps/framework/base/CApplication.php(162): CWebApplication->processRequest()
#4 /Applications/MAMP/htdocs/apps/el/index.php(13): CApplication->run()
#5 {main}
REQUEST_URI=/apps/el/index.php/activity/images/news-img.jpg?1362836199563
HTTP_REFERER=http://localhost/apps/el/index.php/activity/online
---
2013/03/09 14:36:40 [error] [exception.CHttpException.404] exception 'CHttpException' with message 'The system is unable to find the requested action "images".' in /Applications/MAMP/htdocs/apps/framework/web/CController.php:484
Stack trace:
#0 /Applications/MAMP/htdocs/apps/framework/web/CController.php(271): CController->missingAction('images')
#1 /Applications/MAMP/htdocs/apps/framework/web/CWebApplication.php(283): CController->run('images')
#2 /Applications/MAMP/htdocs/apps/framework/web/CWebApplication.php(142): CWebApplication->runController('activity/images...')
#3 /Applications/MAMP/htdocs/apps/framework/base/CApplication.php(162): CWebApplication->processRequest()
#4 /Applications/MAMP/htdocs/apps/el/index.php(13): CApplication->run()
#5 {main}
REQUEST_URI=/apps/el/index.php/activity/images/news-img.jpg
HTTP_REFERER=http://localhost/apps/el/index.php/activity/online
---
2013/03/09 14:36:40 [error] [exception.CHttpException.404] exception 'CHttpException' with message 'The system is unable to find the requested action "images".' in /Applications/MAMP/htdocs/apps/framework/web/CController.php:484
Stack trace:
#0 /Applications/MAMP/htdocs/apps/framework/web/CController.php(271): CController->missingAction('images')
#1 /Applications/MAMP/htdocs/apps/framework/web/CWebApplication.php(283): CController->run('images')
#2 /Applications/MAMP/htdocs/apps/framework/web/CWebApplication.php(142): CWebApplication->runController('activity/images...')
#3 /Applications/MAMP/htdocs/apps/framework/base/CApplication.php(162): CWebApplication->processRequest()
#4 /Applications/MAMP/htdocs/apps/el/index.php(13): CApplication->run()
#5 {main}
REQUEST_URI=/apps/el/index.php/activity/images/news-img.jpg?1362836200449
HTTP_REFERER=http://localhost/apps/el/index.php/activity/online
---
2013/03/09 14:36:40 [error] [exception.CHttpException.404] exception 'CHttpException' with message 'The system is unable to find the requested action "images".' in /Applications/MAMP/htdocs/apps/framework/web/CController.php:484
Stack trace:
#0 /Applications/MAMP/htdocs/apps/framework/web/CController.php(271): CController->missingAction('images')
#1 /Applications/MAMP/htdocs/apps/framework/web/CWebApplication.php(283): CController->run('images')
#2 /Applications/MAMP/htdocs/apps/framework/web/CWebApplication.php(142): CWebApplication->runController('activity/images...')
#3 /Applications/MAMP/htdocs/apps/framework/base/CApplication.php(162): CWebApplication->processRequest()
#4 /Applications/MAMP/htdocs/apps/el/index.php(13): CApplication->run()
#5 {main}
REQUEST_URI=/apps/el/index.php/activity/images/news-img.jpg
HTTP_REFERER=http://localhost/apps/el/index.php/activity/online
---
2013/03/09 14:36:40 [error] [exception.CHttpException.404] exception 'CHttpException' with message 'The system is unable to find the requested action "images".' in /Applications/MAMP/htdocs/apps/framework/web/CController.php:484
Stack trace:
#0 /Applications/MAMP/htdocs/apps/framework/web/CController.php(271): CController->missingAction('images')
#1 /Applications/MAMP/htdocs/apps/framework/web/CWebApplication.php(283): CController->run('images')
#2 /Applications/MAMP/htdocs/apps/framework/web/CWebApplication.php(142): CWebApplication->runController('activity/images...')
#3 /Applications/MAMP/htdocs/apps/framework/base/CApplication.php(162): CWebApplication->processRequest()
#4 /Applications/MAMP/htdocs/apps/el/index.php(13): CApplication->run()
#5 {main}
REQUEST_URI=/apps/el/index.php/activity/images/news-img.jpg?1362836200813
HTTP_REFERER=http://localhost/apps/el/index.php/activity/online
---
2013/03/09 14:36:41 [error] [exception.CHttpException.404] exception 'CHttpException' with message 'The system is unable to find the requested action "images".' in /Applications/MAMP/htdocs/apps/framework/web/CController.php:484
Stack trace:
#0 /Applications/MAMP/htdocs/apps/framework/web/CController.php(271): CController->missingAction('images')
#1 /Applications/MAMP/htdocs/apps/framework/web/CWebApplication.php(283): CController->run('images')
#2 /Applications/MAMP/htdocs/apps/framework/web/CWebApplication.php(142): CWebApplication->runController('activity/images...')
#3 /Applications/MAMP/htdocs/apps/framework/base/CApplication.php(162): CWebApplication->processRequest()
#4 /Applications/MAMP/htdocs/apps/el/index.php(13): CApplication->run()
#5 {main}
REQUEST_URI=/apps/el/index.php/activity/images/news-img.jpg?1362836201072
HTTP_REFERER=http://localhost/apps/el/index.php/activity/online
---
2013/03/09 14:36:41 [error] [exception.CHttpException.404] exception 'CHttpException' with message 'The system is unable to find the requested action "images".' in /Applications/MAMP/htdocs/apps/framework/web/CController.php:484
Stack trace:
#0 /Applications/MAMP/htdocs/apps/framework/web/CController.php(271): CController->missingAction('images')
#1 /Applications/MAMP/htdocs/apps/framework/web/CWebApplication.php(283): CController->run('images')
#2 /Applications/MAMP/htdocs/apps/framework/web/CWebApplication.php(142): CWebApplication->runController('activity/images...')
#3 /Applications/MAMP/htdocs/apps/framework/base/CApplication.php(162): CWebApplication->processRequest()
#4 /Applications/MAMP/htdocs/apps/el/index.php(13): CApplication->run()
#5 {main}
REQUEST_URI=/apps/el/index.php/activity/images/news-img.jpg
HTTP_REFERER=http://localhost/apps/el/index.php/activity/online
---
2013/03/09 14:37:13 [error] [exception.CHttpException.404] exception 'CHttpException' with message 'The system is unable to find the requested action "images".' in /Applications/MAMP/htdocs/apps/framework/web/CController.php:484
Stack trace:
#0 /Applications/MAMP/htdocs/apps/framework/web/CController.php(271): CController->missingAction('images')
#1 /Applications/MAMP/htdocs/apps/framework/web/CWebApplication.php(283): CController->run('images')
#2 /Applications/MAMP/htdocs/apps/framework/web/CWebApplication.php(142): CWebApplication->runController('activity/images...')
#3 /Applications/MAMP/htdocs/apps/framework/base/CApplication.php(162): CWebApplication->processRequest()
#4 /Applications/MAMP/htdocs/apps/el/index.php(13): CApplication->run()
#5 {main}
REQUEST_URI=/apps/el/index.php/activity/images/news-img.jpg
HTTP_REFERER=http://localhost/apps/el/index.php/activity/online
---
2013/03/09 14:37:13 [error] [exception.CHttpException.404] exception 'CHttpException' with message 'The system is unable to find the requested action "images".' in /Applications/MAMP/htdocs/apps/framework/web/CController.php:484
Stack trace:
#0 /Applications/MAMP/htdocs/apps/framework/web/CController.php(271): CController->missingAction('images')
#1 /Applications/MAMP/htdocs/apps/framework/web/CWebApplication.php(283): CController->run('images')
#2 /Applications/MAMP/htdocs/apps/framework/web/CWebApplication.php(142): CWebApplication->runController('activity/images...')
#3 /Applications/MAMP/htdocs/apps/framework/base/CApplication.php(162): CWebApplication->processRequest()
#4 /Applications/MAMP/htdocs/apps/el/index.php(13): CApplication->run()
#5 {main}
REQUEST_URI=/apps/el/index.php/activity/images/news-img.jpg?1362836233140
HTTP_REFERER=http://localhost/apps/el/index.php/activity/online
---
2013/03/09 14:37:13 [error] [exception.CHttpException.404] exception 'CHttpException' with message 'The system is unable to find the requested action "images".' in /Applications/MAMP/htdocs/apps/framework/web/CController.php:484
Stack trace:
#0 /Applications/MAMP/htdocs/apps/framework/web/CController.php(271): CController->missingAction('images')
#1 /Applications/MAMP/htdocs/apps/framework/web/CWebApplication.php(283): CController->run('images')
#2 /Applications/MAMP/htdocs/apps/framework/web/CWebApplication.php(142): CWebApplication->runController('activity/images...')
#3 /Applications/MAMP/htdocs/apps/framework/base/CApplication.php(162): CWebApplication->processRequest()
#4 /Applications/MAMP/htdocs/apps/el/index.php(13): CApplication->run()
#5 {main}
REQUEST_URI=/apps/el/index.php/activity/images/news-img.jpg
HTTP_REFERER=http://localhost/apps/el/index.php/activity/online
---
2013/03/09 14:37:14 [error] [exception.CHttpException.404] exception 'CHttpException' with message 'The system is unable to find the requested action "images".' in /Applications/MAMP/htdocs/apps/framework/web/CController.php:484
Stack trace:
#0 /Applications/MAMP/htdocs/apps/framework/web/CController.php(271): CController->missingAction('images')
#1 /Applications/MAMP/htdocs/apps/framework/web/CWebApplication.php(283): CController->run('images')
#2 /Applications/MAMP/htdocs/apps/framework/web/CWebApplication.php(142): CWebApplication->runController('activity/images...')
#3 /Applications/MAMP/htdocs/apps/framework/base/CApplication.php(162): CWebApplication->processRequest()
#4 /Applications/MAMP/htdocs/apps/el/index.php(13): CApplication->run()
#5 {main}
REQUEST_URI=/apps/el/index.php/activity/images/news-img.jpg?1362836233957
HTTP_REFERER=http://localhost/apps/el/index.php/activity/online
---
2013/03/09 14:37:14 [error] [exception.CHttpException.404] exception 'CHttpException' with message 'The system is unable to find the requested action "images".' in /Applications/MAMP/htdocs/apps/framework/web/CController.php:484
Stack trace:
#0 /Applications/MAMP/htdocs/apps/framework/web/CController.php(271): CController->missingAction('images')
#1 /Applications/MAMP/htdocs/apps/framework/web/CWebApplication.php(283): CController->run('images')
#2 /Applications/MAMP/htdocs/apps/framework/web/CWebApplication.php(142): CWebApplication->runController('activity/images...')
#3 /Applications/MAMP/htdocs/apps/framework/base/CApplication.php(162): CWebApplication->processRequest()
#4 /Applications/MAMP/htdocs/apps/el/index.php(13): CApplication->run()
#5 {main}
REQUEST_URI=/apps/el/index.php/activity/images/news-img.jpg?1362836234212
HTTP_REFERER=http://localhost/apps/el/index.php/activity/online
---
2013/03/09 14:37:14 [error] [exception.CHttpException.404] exception 'CHttpException' with message 'The system is unable to find the requested action "images".' in /Applications/MAMP/htdocs/apps/framework/web/CController.php:484
Stack trace:
#0 /Applications/MAMP/htdocs/apps/framework/web/CController.php(271): CController->missingAction('images')
#1 /Applications/MAMP/htdocs/apps/framework/web/CWebApplication.php(283): CController->run('images')
#2 /Applications/MAMP/htdocs/apps/framework/web/CWebApplication.php(142): CWebApplication->runController('activity/images...')
#3 /Applications/MAMP/htdocs/apps/framework/base/CApplication.php(162): CWebApplication->processRequest()
#4 /Applications/MAMP/htdocs/apps/el/index.php(13): CApplication->run()
#5 {main}
REQUEST_URI=/apps/el/index.php/activity/images/news-img.jpg
HTTP_REFERER=http://localhost/apps/el/index.php/activity/online
---
2013/03/09 14:37:41 [error] [exception.CHttpException.404] exception 'CHttpException' with message 'The system is unable to find the requested action "images".' in /Applications/MAMP/htdocs/apps/framework/web/CController.php:484
Stack trace:
#0 /Applications/MAMP/htdocs/apps/framework/web/CController.php(271): CController->missingAction('images')
#1 /Applications/MAMP/htdocs/apps/framework/web/CWebApplication.php(283): CController->run('images')
#2 /Applications/MAMP/htdocs/apps/framework/web/CWebApplication.php(142): CWebApplication->runController('activity/images...')
#3 /Applications/MAMP/htdocs/apps/framework/base/CApplication.php(162): CWebApplication->processRequest()
#4 /Applications/MAMP/htdocs/apps/el/index.php(13): CApplication->run()
#5 {main}
REQUEST_URI=/apps/el/index.php/activity/images/news-img.jpg
HTTP_REFERER=http://localhost/apps/el/index.php/activity/online
---
2013/03/09 14:37:41 [error] [exception.CHttpException.404] exception 'CHttpException' with message 'The system is unable to find the requested action "images".' in /Applications/MAMP/htdocs/apps/framework/web/CController.php:484
Stack trace:
#0 /Applications/MAMP/htdocs/apps/framework/web/CController.php(271): CController->missingAction('images')
#1 /Applications/MAMP/htdocs/apps/framework/web/CWebApplication.php(283): CController->run('images')
#2 /Applications/MAMP/htdocs/apps/framework/web/CWebApplication.php(142): CWebApplication->runController('activity/images...')
#3 /Applications/MAMP/htdocs/apps/framework/base/CApplication.php(162): CWebApplication->processRequest()
#4 /Applications/MAMP/htdocs/apps/el/index.php(13): CApplication->run()
#5 {main}
REQUEST_URI=/apps/el/index.php/activity/images/news-img.jpg?1362836261726
HTTP_REFERER=http://localhost/apps/el/index.php/activity/online
---
2013/03/09 14:37:42 [error] [exception.CHttpException.404] exception 'CHttpException' with message 'The system is unable to find the requested action "images".' in /Applications/MAMP/htdocs/apps/framework/web/CController.php:484
Stack trace:
#0 /Applications/MAMP/htdocs/apps/framework/web/CController.php(271): CController->missingAction('images')
#1 /Applications/MAMP/htdocs/apps/framework/web/CWebApplication.php(283): CController->run('images')
#2 /Applications/MAMP/htdocs/apps/framework/web/CWebApplication.php(142): CWebApplication->runController('activity/images...')
#3 /Applications/MAMP/htdocs/apps/framework/base/CApplication.php(162): CWebApplication->processRequest()
#4 /Applications/MAMP/htdocs/apps/el/index.php(13): CApplication->run()
#5 {main}
REQUEST_URI=/apps/el/index.php/activity/images/news-img.jpg
HTTP_REFERER=http://localhost/apps/el/index.php/activity/online
---
2013/03/09 14:37:43 [error] [exception.CHttpException.404] exception 'CHttpException' with message 'The system is unable to find the requested action "images".' in /Applications/MAMP/htdocs/apps/framework/web/CController.php:484
Stack trace:
#0 /Applications/MAMP/htdocs/apps/framework/web/CController.php(271): CController->missingAction('images')
#1 /Applications/MAMP/htdocs/apps/framework/web/CWebApplication.php(283): CController->run('images')
#2 /Applications/MAMP/htdocs/apps/framework/web/CWebApplication.php(142): CWebApplication->runController('activity/images...')
#3 /Applications/MAMP/htdocs/apps/framework/base/CApplication.php(162): CWebApplication->processRequest()
#4 /Applications/MAMP/htdocs/apps/el/index.php(13): CApplication->run()
#5 {main}
REQUEST_URI=/apps/el/index.php/activity/images/news-img.jpg?1362836262943
HTTP_REFERER=http://localhost/apps/el/index.php/activity/online
---
